<?xml version="1.0" encoding="UTF-8"?>
<!-- Generated by org.testng.reporters.JUnitReportReporter -->
<testsuite hostname="DESKTOP-ME7JQG9" failures="0" tests="3" name="Testng.Crossbrowsertesting" time="5.237" errors="0" timestamp="2023-12-20T11:16:20 IST" skipped="0">
  <testcase classname="Testng.Crossbrowsertesting" name="fb" time="1.419"/>
  <system-out/>
  <testcase classname="Testng.Crossbrowsertesting" name="fb" time="1.487"/>
  <system-out/>
  <testcase classname="Testng.Crossbrowsertesting" name="fb" time="2.331"/>
  <system-out/>
</testsuite> <!-- Testng.Crossbrowsertesting -->
