<?xml version="1.0" encoding="UTF-8"?>
<!-- Generated by org.testng.reporters.JUnitReportReporter -->
<testsuite hostname="DESKTOP-ME7JQG9" failures="0" tests="1" name="Testng.Rightanddoubleclick" time="8.685" errors="0" timestamp="2023-12-21T11:17:50 IST" skipped="0">
  <testcase classname="Testng.Rightanddoubleclick" name="test1" time="8.685"/>
  <system-out/>
</testsuite> <!-- Testng.Rightanddoubleclick -->
