<?xml version="1.0" encoding="UTF-8"?>
<!-- Generated by org.testng.reporters.JUnitReportReporter -->
<testsuite hostname="DESKTOP-ME7JQG9" failures="0" tests="1" name="Testng.Assignment" time="35.670" errors="0" timestamp="2024-01-09T11:04:19 IST" skipped="0">
  <testcase classname="Testng.Assignment" name="test1" time="35.670"/>
  <system-out/>
</testsuite> <!-- Testng.Assignment -->
