<?xml version="1.0" encoding="UTF-8"?>
<!-- Generated by org.testng.reporters.JUnitReportReporter -->
<testsuite hostname="DESKTOP-ME7JQG9" failures="0" tests="1" name="Testng.Draganddrop" time="5.239" errors="0" timestamp="2023-12-21T10:46:18 IST" skipped="0">
  <testcase classname="Testng.Draganddrop" name="test1" time="5.239"/>
  <system-out/>
</testsuite> <!-- Testng.Draganddrop -->
