<?xml version="1.0" encoding="UTF-8"?>
<!-- Generated by org.testng.reporters.JUnitReportReporter -->
<testsuite hostname="DESKTOP-ME7JQG9" failures="0" tests="1" name="Testng.Actprgm" time="23.534" errors="0" timestamp="2023-12-21T10:10:58 IST" skipped="0">
  <testcase classname="Testng.Actprgm" name="test1" time="23.534"/>
  <system-out/>
</testsuite> <!-- Testng.Actprgm -->
