<?xml version="1.0" encoding="UTF-8"?>
<!-- Generated by org.testng.reporters.JUnitReportReporter -->
<testsuite hostname="DESKTOP-ME7JQG9" failures="0" tests="1" name="Test.Fbcreatetest" time="2.657" errors="0" timestamp="2024-01-05T09:46:59 IST" skipped="0">
  <testcase classname="Test.Fbcreatetest" name="test" time="2.657"/>
  <system-out/>
</testsuite> <!-- Test.Fbcreatetest -->
