<?xml version="1.0" encoding="UTF-8"?>
<!-- Generated by org.testng.reporters.JUnitReportReporter -->
<testsuite hostname="DESKTOP-ME7JQG9" failures="0" tests="1" name="Testng.Parametertestng" time="0.008" errors="0" timestamp="2023-12-19T10:50:59 IST" skipped="0">
  <testcase classname="Testng.Parametertestng" name="parameter" time="0.008"/>
  <system-out/>
</testsuite> <!-- Testng.Parametertestng -->
