<?xml version="1.0" encoding="UTF-8"?>
<!-- Generated by org.testng.reporters.JUnitReportReporter -->
<testsuite hostname="DESKTOP-ME7JQG9" failures="0" tests="4" name="Testng.Testnggouping" time="0.014" errors="0" timestamp="2023-12-19T10:21:26 IST" skipped="0">
  <testcase classname="Testng.Testnggouping" name="main5" time="0.002"/>
  <system-out/>
  <testcase classname="Testng.Testnggouping" name="main1" time="0.007"/>
  <system-out/>
  <testcase classname="Testng.Testnggouping" name="main4" time="0.002"/>
  <system-out/>
  <testcase classname="Testng.Testnggouping" name="main2" time="0.003"/>
  <system-out/>
</testsuite> <!-- Testng.Testnggouping -->
