<?xml version="1.0" encoding="UTF-8"?>
<!-- Generated by org.testng.reporters.JUnitReportReporter -->
<testsuite hostname="DESKTOP-ME7JQG9" failures="0" tests="4" name="Testng.Testngfeatures1" time="0.008" errors="0" timestamp="2023-12-18T10:50:27 IST" skipped="1">
  <testcase classname="Testng.Testngfeatures1" name="test2" time="0.006"/>
  <system-out/>
  <testcase classname="Testng.Testngfeatures1" name="test2" time="0.001"/>
  <system-out/>
  <testcase classname="Testng.Testngfeatures1" name="test1" time="0.001"/>
  <system-out/>
  <testcase classname="Testng.Testngfeatures1" name="test3">
    <skipped/>
  </testcase> <!-- test3 -->
  <system-out/>
</testsuite> <!-- Testng.Testngfeatures1 -->
