<?xml version="1.0" encoding="UTF-8"?>
<!-- Generated by org.testng.reporters.JUnitReportReporter -->
<testsuite hostname="DESKTOP-ME7JQG9" failures="0" tests="1" name="Test.Fblogintest" time="1.979" errors="0" timestamp="2024-01-04T10:30:55 IST" skipped="0">
  <testcase classname="Test.Fblogintest" name="test" time="1.979"/>
  <system-out/>
</testsuite> <!-- Test.Fblogintest -->
