<?xml version="1.0" encoding="UTF-8"?>
<!-- Generated by org.testng.reporters.JUnitReportReporter -->
<testsuite hostname="DESKTOP-ME7JQG9" failures="0" tests="1" name="Testng.Mouseover" time="8.973" errors="0" timestamp="2024-01-09T22:17:56 IST" skipped="0">
  <testcase classname="Testng.Mouseover" name="test1" time="8.973"/>
  <system-out/>
</testsuite> <!-- Testng.Mouseover -->
